<?xml version="1.0" encoding="UTF-8"?>
<!-- Generated by org.testng.reporters.JUnitReportReporter -->
<testsuite hostname="Raptures-MacBook-Air.local" failures="0" tests="1" name="com.practice.test.application.NewTest" time="4.639" errors="0" timestamp="2023-11-15T17:16:35 IST" skipped="0">
  <testcase classname="com.practice.test.application.NewTest" name="f" time="4.639"/>
  <system-out/>
</testsuite> <!-- com.practice.test.application.NewTest -->
